level=INFO ts=2024-07-11T05:28:24.013531677Z app=core-data source=config.go:718 msg="Using Configuration provider (consul) from: http://127.0.0.1:8500 with base path of edgex/v3/core-common-config-bootstrapper/all-services"
level=INFO ts=2024-07-11T05:28:24.021924573Z app=core-data source=config.go:173 msg="Common configuration loaded from the Configuration Provider. No overrides applied"
level=INFO ts=2024-07-11T05:28:24.021971853Z app=core-data source=config.go:718 msg="Using Configuration provider (consul) from: http://127.0.0.1:8500 with base path of edgex/v3/core-data"
level=INFO ts=2024-07-11T05:28:24.02739472Z app=core-data source=config.go:218 msg="Private configuration loaded from the Configuration Provider. No overrides applied"
level=INFO ts=2024-07-11T05:28:24.027457483Z app=core-data source=config.go:269 msg="listening for private config changes"
level=INFO ts=2024-07-11T05:28:24.027467964Z app=core-data source=config.go:271 msg="listening for all services common config changes"
level=INFO ts=2024-07-11T05:28:24.027481371Z app=core-data source=registry.go:61 msg="Using Registry access token of length 0"
level=INFO ts=2024-07-11T05:28:24.027488894Z app=core-data source=registry.go:89 msg="Using Registry (consul) from http://localhost:8500"
level=INFO ts=2024-07-11T05:28:24.039987488Z app=core-data source=database.go:135 msg="Database connected"
level=INFO ts=2024-07-11T05:28:24.040092284Z app=core-data source=messaging.go:66 msg="Setting options for secure MessageBus with AuthMode='usernamepassword' and SecretName='redisdb"
level=INFO ts=2024-07-11T05:28:24.040151189Z app=core-data source=messaging.go:104 msg="Connected to redis Message Bus @ redis://localhost:6379 with AuthMode='usernamepassword'"
level=INFO ts=2024-07-11T05:28:24.040165933Z app=core-data source=manager.go:128 msg="Metrics Manager started with a report interval of 30s"
level=INFO ts=2024-07-11T05:28:24.040179847Z app=core-data source=app.go:63 msg="Registered metrics counter EventsPersisted"
level=INFO ts=2024-07-11T05:28:24.040188898Z app=core-data source=app.go:68 msg="Registered metrics counter ReadingsPersisted"
level=INFO ts=2024-07-11T05:28:24.040195342Z app=core-data source=app.go:71 msg="Custom printing my variable value:"
level=INFO ts=2024-07-11T05:28:24.040201539Z app=core-data source=app.go:72 msg="CoreDataAppName: github.com/edgexfoundry/edgex-go/internal/core/data/application.CoreDataApp"
level=INFO ts=2024-07-11T05:28:24.040310424Z app=core-data source=subscriber.go:38 msg="MessageBus: {redisClient:0xc0003d60c0 existingTopics:map[] mapMutex:0xc00012a870}"
level=INFO ts=2024-07-11T05:28:24.040333446Z app=core-data source=subscriber.go:45 msg="CoreDataApp: &{lc:{owningServiceName:core-data logLevel:0xc000036070 rootLogger:0xc000098050 levelLoggers:map[DEBUG:0xc0000980f0 ERROR:0xc0000981e0 INFO:0xc000098140 TRACE:0xc0000980a0 WARN:0xc000098190]} eventsPersistedCounter:0xc00012a8c0 readingsPersistedCounter:0xc00012a8c8}"
level=INFO ts=2024-07-11T05:28:24.040339286Z app=core-data source=subscriber.go:49 msg="SubscribeTopic: edgex/events/device/#"
level=INFO ts=2024-07-11T05:28:24.042452719Z app=core-data source=httpserver.go:149 msg="Web server starting (localhost:59880)"
level=INFO ts=2024-07-11T05:28:24.042516312Z app=core-data source=message.go:50 msg="Service dependencies resolved..."
level=INFO ts=2024-07-11T05:28:24.042525701Z app=core-data source=message.go:51 msg="Starting core-data 0.0.0 "
level=INFO ts=2024-07-11T05:28:24.04252963Z app=core-data source=message.go:55 msg="This is the Core Data Microservice"
level=INFO ts=2024-07-11T05:28:24.042534641Z app=core-data source=message.go:58 msg="Service started in: 31.741286ms"
level=INFO ts=2024-07-11T05:28:24.042546299Z app=core-data source=bootstrap.go:251 msg="SecuritySecretsStored metric registered and will be reported (if enabled)"
level=INFO ts=2024-07-11T05:28:24.04255197Z app=core-data source=bootstrap.go:251 msg="SecuritySecretsRequested metric registered and will be reported (if enabled)"
level=INFO ts=2024-07-11T06:09:59.172648941Z app=core-data source=config.go:852 msg="Watching for 'Writable' configuration changes has stopped"
level=INFO ts=2024-07-11T06:09:59.172427467Z app=core-data source=httpserver.go:174 msg="Web server stopped"
level=INFO ts=2024-07-11T06:09:59.172073257Z app=core-data source=config.go:790 msg="Watching for 'Writable' configuration changes has stopped"
level=INFO ts=2024-07-11T06:09:59.174967572Z app=core-data source=subscriber.go:67 msg="Exiting waiting for MessageBus 'edgex/events/device/#' topic messages"
level=INFO ts=2024-07-11T06:09:59.173861284Z app=core-data source=messaging.go:95 msg="Disconnected from MessageBus"
level=INFO ts=2024-07-11T06:09:59.17207321Z app=core-data source=manager.go:110 msg="Exited Metrics Manager Run..."
level=INFO ts=2024-07-11T06:09:59.176887763Z app=core-data source=httpserver.go:146 msg="Web server shut down"
level=INFO ts=2024-07-11T06:10:00.17418377Z app=core-data source=database.go:149 msg="Database disconnected"
level=INFO ts=2024-07-11T06:10:00.176463048Z app=core-data source=bootstrap.go:146 msg="Un-Registering service from the Registry"
