level=INFO ts=2024-07-08T19:15:27.26047963Z app=support-scheduler source=config.go:718 msg="Using Configuration provider (consul) from: http://127.0.0.1:8500 with base path of edgex/v3/core-common-config-bootstrapper/all-services"
level=INFO ts=2024-07-08T19:15:27.276819517Z app=support-scheduler source=config.go:173 msg="Common configuration loaded from the Configuration Provider. No overrides applied"
level=INFO ts=2024-07-08T19:15:27.276863903Z app=support-scheduler source=config.go:718 msg="Using Configuration provider (consul) from: http://127.0.0.1:8500 with base path of edgex/v3/support-scheduler"
level=INFO ts=2024-07-08T19:15:27.280718731Z app=support-scheduler source=config.go:218 msg="Private configuration loaded from the Configuration Provider. No overrides applied"
level=INFO ts=2024-07-08T19:15:27.280784436Z app=support-scheduler source=config.go:269 msg="listening for private config changes"
level=INFO ts=2024-07-08T19:15:27.280795069Z app=support-scheduler source=config.go:271 msg="listening for all services common config changes"
level=INFO ts=2024-07-08T19:15:27.28080919Z app=support-scheduler source=registry.go:61 msg="Using Registry access token of length 0"
level=INFO ts=2024-07-08T19:15:27.280820948Z app=support-scheduler source=registry.go:89 msg="Using Registry (consul) from http://localhost:8500"
level=INFO ts=2024-07-08T19:15:27.300443327Z app=support-scheduler source=database.go:135 msg="Database connected"
level=INFO ts=2024-07-08T19:15:27.300612623Z app=support-scheduler source=messaging.go:66 msg="Setting options for secure MessageBus with AuthMode='usernamepassword' and SecretName='redisdb"
level=INFO ts=2024-07-08T19:15:27.301331358Z app=support-scheduler source=messaging.go:104 msg="Connected to redis Message Bus @ redis://localhost:6379 with AuthMode='usernamepassword'"
level=INFO ts=2024-07-08T19:15:27.301360642Z app=support-scheduler source=manager.go:128 msg="Metrics Manager started with a report interval of 30s"
level=INFO ts=2024-07-08T19:15:27.303554972Z app=support-scheduler source=queue.go:42 msg="added interval midnight executor into the scheduler queue"
level=INFO ts=2024-07-08T19:15:27.304725348Z app=support-scheduler source=queue.go:102 msg="added the intervalAction scrub-aged-events to interval midnight executor"
level=INFO ts=2024-07-08T19:15:27.304805484Z app=support-scheduler source=httpserver.go:149 msg="Web server starting (localhost:59861)"
level=INFO ts=2024-07-08T19:15:27.304815862Z app=support-scheduler source=message.go:50 msg="Service dependencies resolved..."
level=INFO ts=2024-07-08T19:15:27.304821185Z app=support-scheduler source=message.go:51 msg="Starting support-scheduler 0.0.0 "
level=INFO ts=2024-07-08T19:15:27.304824882Z app=support-scheduler source=message.go:55 msg="This is the Support Scheduler Microservice"
level=INFO ts=2024-07-08T19:15:27.304829381Z app=support-scheduler source=message.go:58 msg="Service started in: 46.704532ms"
level=INFO ts=2024-07-08T19:15:27.304837426Z app=support-scheduler source=bootstrap.go:251 msg="SecuritySecretsRequested metric registered and will be reported (if enabled)"
level=INFO ts=2024-07-08T19:15:27.304842824Z app=support-scheduler source=bootstrap.go:251 msg="SecuritySecretsStored metric registered and will be reported (if enabled)"
level=INFO ts=2024-07-08T19:59:15.620366368Z app=support-scheduler source=httpserver.go:174 msg="Web server stopped"
level=INFO ts=2024-07-08T19:59:15.620497039Z app=support-scheduler source=config.go:790 msg="Watching for 'Writable' configuration changes has stopped"
level=INFO ts=2024-07-08T19:59:15.620735829Z app=support-scheduler source=config.go:852 msg="Watching for 'Writable' configuration changes has stopped"
level=INFO ts=2024-07-08T19:59:15.620417872Z app=support-scheduler source=messaging.go:95 msg="Disconnected from MessageBus"
level=INFO ts=2024-07-08T19:59:15.619439986Z app=support-scheduler source=manager.go:110 msg="Exited Metrics Manager Run..."
level=INFO ts=2024-07-08T19:59:15.622693173Z app=support-scheduler source=httpserver.go:146 msg="Web server shut down"
level=INFO ts=2024-07-08T19:59:16.620132577Z app=support-scheduler source=database.go:149 msg="Database disconnected"
level=INFO ts=2024-07-08T19:59:16.620800743Z app=support-scheduler source=bootstrap.go:146 msg="Un-Registering service from the Registry"
