level=INFO ts=2024-07-11T05:28:03.031554433Z app=core-metadata source=config.go:718 msg="Using Configuration provider (consul) from: http://127.0.0.1:8500 with base path of edgex/v3/core-common-config-bootstrapper/all-services"
level=INFO ts=2024-07-11T05:28:03.038140348Z app=core-metadata source=config.go:173 msg="Common configuration loaded from the Configuration Provider. No overrides applied"
level=INFO ts=2024-07-11T05:28:03.038188564Z app=core-metadata source=config.go:718 msg="Using Configuration provider (consul) from: http://127.0.0.1:8500 with base path of edgex/v3/core-metadata"
level=INFO ts=2024-07-11T05:28:03.042443448Z app=core-metadata source=config.go:218 msg="Private configuration loaded from the Configuration Provider. No overrides applied"
level=INFO ts=2024-07-11T05:28:03.042522292Z app=core-metadata source=config.go:269 msg="listening for private config changes"
level=INFO ts=2024-07-11T05:28:03.042534373Z app=core-metadata source=config.go:271 msg="listening for all services common config changes"
level=INFO ts=2024-07-11T05:28:03.042553328Z app=core-metadata source=registry.go:61 msg="Using Registry access token of length 0"
level=INFO ts=2024-07-11T05:28:03.042561049Z app=core-metadata source=registry.go:89 msg="Using Registry (consul) from http://localhost:8500"
level=INFO ts=2024-07-11T05:28:03.068321794Z app=core-metadata source=bootstrap.go:58 msg="Loaded unit of measure configuration from ./res/uom.yaml"
level=INFO ts=2024-07-11T05:28:03.080595902Z app=core-metadata source=database.go:135 msg="Database connected"
level=INFO ts=2024-07-11T05:28:03.080700437Z app=core-metadata source=messaging.go:66 msg="Setting options for secure MessageBus with AuthMode='usernamepassword' and SecretName='redisdb"
level=INFO ts=2024-07-11T05:28:03.080767577Z app=core-metadata source=messaging.go:104 msg="Connected to redis Message Bus @ redis://localhost:6379 with AuthMode='usernamepassword'"
level=INFO ts=2024-07-11T05:28:03.080791583Z app=core-metadata source=manager.go:128 msg="Metrics Manager started with a report interval of 30s"
level=INFO ts=2024-07-11T05:28:03.080946327Z app=core-metadata source=httpserver.go:149 msg="Web server starting (localhost:59881)"
level=INFO ts=2024-07-11T05:28:03.080958966Z app=core-metadata source=message.go:50 msg="Service dependencies resolved..."
level=INFO ts=2024-07-11T05:28:03.080963716Z app=core-metadata source=message.go:51 msg="Starting core-metadata 0.0.0 "
level=INFO ts=2024-07-11T05:28:03.080967539Z app=core-metadata source=message.go:55 msg="This is the EdgeX Core Metadata Microservice"
level=INFO ts=2024-07-11T05:28:03.080972011Z app=core-metadata source=message.go:58 msg="Service started in: 50.845033ms"
level=INFO ts=2024-07-11T05:28:03.080979549Z app=core-metadata source=bootstrap.go:251 msg="SecuritySecretsRequested metric registered and will be reported (if enabled)"
level=INFO ts=2024-07-11T05:28:03.080984124Z app=core-metadata source=bootstrap.go:251 msg="SecuritySecretsStored metric registered and will be reported (if enabled)"
level=INFO ts=2024-07-11T06:10:12.05497858Z app=core-metadata source=config.go:852 msg="Watching for 'Writable' configuration changes has stopped"
level=INFO ts=2024-07-11T06:10:12.054673708Z app=core-metadata source=httpserver.go:174 msg="Web server stopped"
level=INFO ts=2024-07-11T06:10:12.05473297Z app=core-metadata source=config.go:790 msg="Watching for 'Writable' configuration changes has stopped"
level=INFO ts=2024-07-11T06:10:12.055582708Z app=core-metadata source=messaging.go:95 msg="Disconnected from MessageBus"
level=INFO ts=2024-07-11T06:10:12.053540561Z app=core-metadata source=manager.go:110 msg="Exited Metrics Manager Run..."
level=INFO ts=2024-07-11T06:10:12.062536481Z app=core-metadata source=httpserver.go:146 msg="Web server shut down"
level=INFO ts=2024-07-11T06:10:13.058213179Z app=core-metadata source=database.go:149 msg="Database disconnected"
level=INFO ts=2024-07-11T06:10:13.059381152Z app=core-metadata source=bootstrap.go:146 msg="Un-Registering service from the Registry"
