level=INFO ts=2024-07-08T19:14:24.843803789Z app=app-<profile> source=service.go:523 msg="Starting app-rules-engine 0.0.0 "
level=INFO ts=2024-07-08T19:14:24.845435658Z app=app-rules-engine source=config.go:718 msg="Using Configuration provider (consul) from: http://127.0.0.1:8500 with base path of edgex/v3/core-common-config-bootstrapper/all-services"
level=INFO ts=2024-07-08T19:14:24.859841159Z app=app-rules-engine source=config.go:422 msg="loading the common configuration for service type app-service"
level=INFO ts=2024-07-08T19:14:24.859998596Z app=app-rules-engine source=config.go:718 msg="Using Configuration provider (consul) from: http://127.0.0.1:8500 with base path of edgex/v3/core-common-config-bootstrapper/app-services"
level=INFO ts=2024-07-08T19:14:24.862842251Z app=app-rules-engine source=config.go:173 msg="Common configuration loaded from the Configuration Provider. No overrides applied"
level=INFO ts=2024-07-08T19:14:24.862910791Z app=app-rules-engine source=config.go:718 msg="Using Configuration provider (consul) from: http://127.0.0.1:8500 with base path of edgex/v3/app-rules-engine"
level=INFO ts=2024-07-08T19:14:24.873020727Z app=app-rules-engine source=config.go:218 msg="Private configuration loaded from the Configuration Provider. No overrides applied"
level=INFO ts=2024-07-08T19:14:24.873315038Z app=app-rules-engine source=config.go:269 msg="listening for private config changes"
level=INFO ts=2024-07-08T19:14:24.873349606Z app=app-rules-engine source=config.go:271 msg="listening for all services common config changes"
level=INFO ts=2024-07-08T19:14:24.873369997Z app=app-rules-engine source=config.go:274 msg="listening for application service common config changes"
level=INFO ts=2024-07-08T19:14:24.873444194Z app=app-rules-engine source=registry.go:61 msg="Using Registry access token of length 0"
level=INFO ts=2024-07-08T19:14:24.87349651Z app=app-rules-engine source=registry.go:89 msg="Using Registry (consul) from http://localhost:8500"
level=INFO ts=2024-07-08T19:14:24.8939456Z app=app-rules-engine source=messaging.go:66 msg="Setting options for secure MessageBus with AuthMode='usernamepassword' and SecretName='redisdb"
level=INFO ts=2024-07-08T19:14:24.89640896Z app=app-rules-engine source=messaging.go:104 msg="Connected to redis Message Bus @ redis://localhost:6379 with AuthMode='usernamepassword'"
level=INFO ts=2024-07-08T19:14:24.897461994Z app=app-rules-engine source=clients.go:190 msg="Using registry for URL for 'core-metadata': http://localhost:59881"
level=INFO ts=2024-07-08T19:14:24.90348503Z app=app-rules-engine source=version.go:121 msg="Skipping version compatibility check for Core Services Developer version: version=0.0.0"
level=INFO ts=2024-07-08T19:14:24.903578879Z app=app-rules-engine source=manager.go:128 msg="Metrics Manager started with a report interval of 30s"
level=INFO ts=2024-07-08T19:14:24.903599233Z app=app-rules-engine source=bootstrap.go:251 msg="SecuritySecretsRequested metric registered and will be reported (if enabled)"
level=INFO ts=2024-07-08T19:14:24.903620983Z app=app-rules-engine source=bootstrap.go:251 msg="SecuritySecretsStored metric registered and will be reported (if enabled)"
level=INFO ts=2024-07-08T19:14:24.903750601Z app=app-rules-engine source=configupdates.go:48 msg="Waiting for App Service configuration updates..."
level=INFO ts=2024-07-08T19:14:24.90378632Z app=app-rules-engine source=server.go:57 msg="Registering standard routes..."
level=INFO ts=2024-07-08T19:14:24.903796183Z app=app-rules-engine source=server.go:75 msg="Registering CORS middleware..."
level=INFO ts=2024-07-08T19:14:24.903801417Z app=app-rules-engine source=service.go:587 msg="Service started in: 60.190969ms"
level=INFO ts=2024-07-08T19:14:24.903808433Z app=app-rules-engine source=main.go:38 msg="Loading Configurable Pipeline..."
level=INFO ts=2024-07-08T19:14:24.903970843Z app=app-rules-engine source=runtime.go:197 msg="PipelineMessagesProcessed-default-pipeline metric has been registered and will be reported (if enabled)"
level=INFO ts=2024-07-08T19:14:24.903985482Z app=app-rules-engine source=runtime.go:197 msg="PipelineMessageProcessingTime-default-pipeline metric has been registered and will be reported (if enabled)"
level=INFO ts=2024-07-08T19:14:24.904015549Z app=app-rules-engine source=runtime.go:197 msg="PipelineProcessingErrors-default-pipeline metric has been registered and will be reported (if enabled)"
level=INFO ts=2024-07-08T19:14:24.904035144Z app=app-rules-engine source=runtime.go:122 msg="Transforms set for `default-pipeline` pipeline"
level=INFO ts=2024-07-08T19:14:24.904060325Z app=app-rules-engine source=triggermessageprocessor.go:90 msg="MessagesReceived metric has been registered and will be reported"
level=INFO ts=2024-07-08T19:14:24.904068392Z app=app-rules-engine source=triggermessageprocessor.go:96 msg="InvalidMessagesReceived metric has been registered and will be reported (if enabled)"
level=INFO ts=2024-07-08T19:14:24.904072837Z app=app-rules-engine source=triggerfactory.go:51 msg="EdgeX MessageBus trigger selected"
level=INFO ts=2024-07-08T19:14:24.904091792Z app=app-rules-engine source=messaging.go:64 msg="Initializing EdgeX Message Bus Trigger for 'redis'"
level=INFO ts=2024-07-08T19:14:24.904113644Z app=app-rules-engine source=messaging.go:84 msg="Subscribing to topic: edgex/events/#"
level=INFO ts=2024-07-08T19:14:24.904120778Z app=app-rules-engine source=messaging.go:92 msg="Publishing to topic: edgex/rules-events"
level=INFO ts=2024-07-08T19:14:24.904141082Z app=app-rules-engine source=server.go:168 msg="Starting HTTP Web Server on address localhost:59701"
level=INFO ts=2024-07-08T19:14:24.904230092Z app=app-rules-engine source=messaging.go:102 msg="Waiting for messages from the MessageBus on the 'edgex/events/#' topic"
level=INFO ts=2024-07-08T19:14:24.905349937Z app=app-rules-engine source=service.go:241 msg="StoreAndForward disabled. Not running retry loop."
level=INFO ts=2024-07-08T19:14:24.905390433Z app=app-rules-engine source=service.go:244 msg="app-rules-engine has Started"
level=INFO ts=2024-07-08T19:59:24.334372473Z app=app-rules-engine source=manager.go:110 msg="Exited Metrics Manager Run..."
level=INFO ts=2024-07-08T19:59:24.333973155Z app=app-rules-engine source=configupdates.go:55 msg="Exiting waiting for App Service configuration updates"
level=INFO ts=2024-07-08T19:59:24.333945051Z app=app-rules-engine source=service.go:255 msg="Terminating signal received: terminated"
level=INFO ts=2024-07-08T19:59:24.334114406Z app=app-rules-engine source=config.go:852 msg="Watching for 'Writable' configuration changes has stopped"
level=INFO ts=2024-07-08T19:59:24.334354676Z app=app-rules-engine source=config.go:790 msg="Watching for 'Writable' configuration changes has stopped"
level=INFO ts=2024-07-08T19:59:24.334161122Z app=app-rules-engine source=messaging.go:95 msg="Disconnected from MessageBus"
level=INFO ts=2024-07-08T19:59:24.334112438Z app=app-rules-engine source=config.go:852 msg="Watching for 'Writable' configuration changes has stopped"
level=INFO ts=2024-07-08T19:59:24.334454458Z app=app-rules-engine source=messaging.go:123 msg="Exiting waiting for MessageBus errors and background publishing"
level=INFO ts=2024-07-08T19:59:24.334461047Z app=app-rules-engine source=messaging.go:107 msg="Exiting waiting for MessageBus 'edgex/events/#' topic messages"
level=INFO ts=2024-07-08T19:59:24.335114401Z app=app-rules-engine source=bootstrap.go:146 msg="Un-Registering service from the Registry"
level=INFO ts=2024-07-08T19:59:24.343401922Z app=app-rules-engine source=messaging.go:155 msg="Disconnecting from the message bus"
level=ERROR ts=2024-07-08T19:59:24.345653919Z app=app-rules-engine source=messaging.go:158 msg="Unable to disconnect from the message bus: Unable to disconnect client(s): Unable to disconnect publish client: redis: client is closed"
