level=INFO ts=2024-07-08T19:15:14.637714857Z app=support-notifications source=config.go:718 msg="Using Configuration provider (consul) from: http://127.0.0.1:8500 with base path of edgex/v3/core-common-config-bootstrapper/all-services"
level=INFO ts=2024-07-08T19:15:14.66064224Z app=support-notifications source=config.go:173 msg="Common configuration loaded from the Configuration Provider. No overrides applied"
level=INFO ts=2024-07-08T19:15:14.660681733Z app=support-notifications source=config.go:718 msg="Using Configuration provider (consul) from: http://127.0.0.1:8500 with base path of edgex/v3/support-notifications"
level=INFO ts=2024-07-08T19:15:14.663980374Z app=support-notifications source=config.go:218 msg="Private configuration loaded from the Configuration Provider. No overrides applied"
level=INFO ts=2024-07-08T19:15:14.664035657Z app=support-notifications source=config.go:269 msg="listening for private config changes"
level=INFO ts=2024-07-08T19:15:14.664046707Z app=support-notifications source=config.go:271 msg="listening for all services common config changes"
level=INFO ts=2024-07-08T19:15:14.664057044Z app=support-notifications source=registry.go:61 msg="Using Registry access token of length 0"
level=INFO ts=2024-07-08T19:15:14.664066154Z app=support-notifications source=registry.go:89 msg="Using Registry (consul) from http://localhost:8500"
level=INFO ts=2024-07-08T19:15:14.681927582Z app=support-notifications source=database.go:135 msg="Database connected"
level=INFO ts=2024-07-08T19:15:14.68199139Z app=support-notifications source=messaging.go:66 msg="Setting options for secure MessageBus with AuthMode='usernamepassword' and SecretName='redisdb"
level=INFO ts=2024-07-08T19:15:14.683516775Z app=support-notifications source=messaging.go:104 msg="Connected to redis Message Bus @ redis://localhost:6379 with AuthMode='usernamepassword'"
level=INFO ts=2024-07-08T19:15:14.683561841Z app=support-notifications source=manager.go:128 msg="Metrics Manager started with a report interval of 30s"
level=INFO ts=2024-07-08T19:15:14.683791416Z app=support-notifications source=httpserver.go:149 msg="Web server starting (localhost:59860)"
level=INFO ts=2024-07-08T19:15:14.683804947Z app=support-notifications source=message.go:50 msg="Service dependencies resolved..."
level=INFO ts=2024-07-08T19:15:14.683810176Z app=support-notifications source=message.go:51 msg="Starting support-notifications 0.0.0 "
level=INFO ts=2024-07-08T19:15:14.683814152Z app=support-notifications source=message.go:55 msg="This is the Support Notifications Microservice"
level=INFO ts=2024-07-08T19:15:14.683818606Z app=support-notifications source=message.go:58 msg="Service started in: 48.192068ms"
level=INFO ts=2024-07-08T19:15:14.683841955Z app=support-notifications source=bootstrap.go:251 msg="SecuritySecretsRequested metric registered and will be reported (if enabled)"
level=INFO ts=2024-07-08T19:15:14.6838491Z app=support-notifications source=bootstrap.go:251 msg="SecuritySecretsStored metric registered and will be reported (if enabled)"
level=INFO ts=2024-07-08T19:59:08.980563296Z app=support-notifications source=config.go:790 msg="Watching for 'Writable' configuration changes has stopped"
level=INFO ts=2024-07-08T19:59:08.978319733Z app=support-notifications source=httpserver.go:174 msg="Web server stopped"
level=INFO ts=2024-07-08T19:59:08.978281735Z app=support-notifications source=messaging.go:95 msg="Disconnected from MessageBus"
level=INFO ts=2024-07-08T19:59:08.978213606Z app=support-notifications source=manager.go:110 msg="Exited Metrics Manager Run..."
level=INFO ts=2024-07-08T19:59:08.980673557Z app=support-notifications source=config.go:852 msg="Watching for 'Writable' configuration changes has stopped"
level=INFO ts=2024-07-08T19:59:08.985843721Z app=support-notifications source=httpserver.go:146 msg="Web server shut down"
level=INFO ts=2024-07-08T19:59:09.978263259Z app=support-notifications source=database.go:149 msg="Database disconnected"
level=INFO ts=2024-07-08T19:59:09.978978401Z app=support-notifications source=bootstrap.go:146 msg="Un-Registering service from the Registry"
