level=INFO ts=2024-07-08T19:15:55.544403613Z app=edgex-ui-service source=config.go:731 msg="Loading configuration file from res/configuration.yaml"
level=INFO ts=2024-07-08T19:15:55.545918393Z app=edgex-ui-service source=config.go:251 msg="Private configuration loaded from file with 0 overrides applied"
level=INFO ts=2024-07-08T19:15:55.546335221Z app=edgex-ui-service source=httpserver.go:119 msg="Web server starting (localhost:4000)"
level=INFO ts=2024-07-08T19:15:55.546350276Z app=edgex-ui-service source=message.go:50 msg="Service dependencies resolved..."
level=INFO ts=2024-07-08T19:15:55.546355134Z app=edgex-ui-service source=message.go:51 msg="Starting edgex-ui-service 0.0.0 "
level=INFO ts=2024-07-08T19:15:55.546359138Z app=edgex-ui-service source=message.go:55 msg="edgex-ui-go service started"
level=INFO ts=2024-07-08T19:15:55.546363722Z app=edgex-ui-service source=message.go:58 msg="Service started in: 2.581081ms"
/en-US/
/en-US/runtime.eefff24541524e353c82.js
/en-US/polyfills.24ae87a5f430de45b48f.js
/en-US/scripts.c7db3b1843cdd546a4ba.js
/en-US/main.1c9a5fdfc037b7558190.js
/en-US/styles.2a143380ce0f2a41afa9.css
/en-US/styles.2a143380ce0f2a41afa9.css
/en-US/assets/img/bg_x.png
/en-US/fontawesome-webfont.20fd1704ea223900efa9.woff2
/en-US/849.2df9f1057a6da15b5817.js
/core-data/api/v3/ping
/core-metadata/api/v3/ping
/support-scheduler/api/v3/ping
/sys-mgmt-agent/api/v3/ping
/support-notifications/api/v3/ping
/core-data/api/v3/event/count
/core-data/api/v3/reading/count
/core-metadata/api/v3/device/all
/core-metadata/api/v3/deviceservice/all
/core-metadata/api/v3/deviceprofile/all
/support-notifications/api/v3/notification/status/NEW
/support-scheduler/api/v3/interval/all
/en-US/assets/img/bg_x.png
/en-US/10.37fe9393a8cc5cbf9091.js
/en-US/753.c8a9161e141f9abd4ff8.js
/en-US/707.421ea089c4e9636f9c79.js
/en-US/155.d480ba04695dcea491f9.js
/rules-engine/ping
2024/07/09 00:47:06 http: proxy error: dial tcp 127.0.0.1:59720: connect: connection refused
/en-US/
/en-US/runtime.eefff24541524e353c82.js
/en-US/polyfills.24ae87a5f430de45b48f.js
/en-US/main.1c9a5fdfc037b7558190.js
/en-US/scripts.c7db3b1843cdd546a4ba.js
/en-US/styles.2a143380ce0f2a41afa9.css
/en-US/styles.2a143380ce0f2a41afa9.css
/en-US/assets/img/bg_x.png
/en-US/fontawesome-webfont.20fd1704ea223900efa9.woff2
/en-US/849.2df9f1057a6da15b5817.js
/core-metadata/api/v3/ping
/core-data/api/v3/ping
/sys-mgmt-agent/api/v3/ping
/support-scheduler/api/v3/ping
/support-notifications/api/v3/ping
/en-US/assets/img/bg_x.png
/core-data/api/v3/event/count
/core-data/api/v3/reading/count
/core-metadata/api/v3/deviceservice/all
/core-metadata/api/v3/device/all
/core-metadata/api/v3/deviceprofile/all
/support-scheduler/api/v3/interval/all
/support-notifications/api/v3/notification/status/NEW
/en-US/10.37fe9393a8cc5cbf9091.js
/en-US/753.c8a9161e141f9abd4ff8.js
/en-US/707.421ea089c4e9636f9c79.js
/en-US/155.d480ba04695dcea491f9.js
/rules-engine/ping
2024/07/09 00:47:09 http: proxy error: dial tcp 127.0.0.1:59720: connect: connection refused
/rules-engine/ping
2024/07/09 00:47:10 http: proxy error: dial tcp 127.0.0.1:59720: connect: connection refused
/en-US/634.17f8b8fde2aad8411649.js
/en-US/827.f5639739df18b26d0d39.js
/support-notifications/api/v3/ping
/support-notifications/api/v3/ping
/support-notifications/api/v3/ping
/support-notifications/api/v3/notification/status/NEW
/en-US/536.59f8e0cc9b65ad44c050.js
/support-scheduler/api/v3/ping
/support-scheduler/api/v3/ping
/support-scheduler/api/v3/ping
/support-scheduler/api/v3/interval/all
/en-US/489.02fe97fdffcd21ed0e3c.js
/core-data/api/v3/ping
/core-data/api/v3/ping
/core-metadata/api/v3/ping
/core-metadata/api/v3/ping
/core-metadata/api/v3/deviceservice/all
/core-metadata/api/v3/device/service/name/device-virtual
/core-metadata/api/v3/ping
/core-metadata/api/v3/ping
/core-metadata/api/v3/deviceprofile/all
/core-metadata/api/v3/ping
/core-metadata/api/v3/ping
/core-metadata/api/v3/device/all
/core-metadata/api/v3/ping
/core-metadata/api/v3/ping
/core-metadata/api/v3/deviceprofile/all
/core-metadata/api/v3/ping
/core-metadata/api/v3/ping
/core-metadata/api/v3/provisionwatcher/all
/core-metadata/api/v3/ping
/core-metadata/api/v3/deviceservice/all
/core-metadata/api/v3/device/service/name/device-virtual
/core-metadata/api/v3/ping
/core-metadata/api/v3/ping
/core-metadata/api/v3/device/service/name/device-virtual
/support-notifications/api/v3/ping
/support-notifications/api/v3/ping
/support-notifications/api/v3/ping
/support-notifications/api/v3/notification/status/NEW
/rules-engine/ping
2024/07/09 00:47:38 http: proxy error: dial tcp 127.0.0.1:59720: connect: connection refused
/en-US/
/en-US/runtime.eefff24541524e353c82.js
/en-US/polyfills.24ae87a5f430de45b48f.js
/en-US/scripts.c7db3b1843cdd546a4ba.js
/en-US/main.1c9a5fdfc037b7558190.js
/en-US/styles.2a143380ce0f2a41afa9.css
/en-US/styles.2a143380ce0f2a41afa9.css
/en-US/fontawesome-webfont.20fd1704ea223900efa9.woff2
/en-US/assets/img/bg_x.png
/en-US/849.2df9f1057a6da15b5817.js
/core-data/api/v3/ping
/core-metadata/api/v3/ping
/sys-mgmt-agent/api/v3/ping
/support-scheduler/api/v3/ping
/support-notifications/api/v3/ping
/core-metadata/api/v3/deviceservice/all
/core-metadata/api/v3/device/all
/core-metadata/api/v3/deviceprofile/all
/support-scheduler/api/v3/interval/all
/support-notifications/api/v3/notification/status/NEW
/core-data/api/v3/event/count
/core-data/api/v3/reading/count
/en-US/assets/img/bg_x.png
/en-US/10.37fe9393a8cc5cbf9091.js
/en-US/753.c8a9161e141f9abd4ff8.js
/en-US/707.421ea089c4e9636f9c79.js
/en-US/155.d480ba04695dcea491f9.js
/rules-engine/ping
2024/07/09 00:47:41 http: proxy error: dial tcp 127.0.0.1:59720: connect: connection refused
/rules-engine/ping
2024/07/09 00:48:10 http: proxy error: dial tcp 127.0.0.1:59720: connect: connection refused
/en-US/
/en-US/runtime.eefff24541524e353c82.js
/en-US/polyfills.24ae87a5f430de45b48f.js
/en-US/scripts.c7db3b1843cdd546a4ba.js
/en-US/main.1c9a5fdfc037b7558190.js
/en-US/styles.2a143380ce0f2a41afa9.css
/en-US/styles.2a143380ce0f2a41afa9.css
/en-US/assets/img/bg_x.png
/en-US/fontawesome-webfont.20fd1704ea223900efa9.woff2
/en-US/849.2df9f1057a6da15b5817.js
/core-data/api/v3/ping
/core-metadata/api/v3/ping
/sys-mgmt-agent/api/v3/ping
/support-scheduler/api/v3/ping
/support-notifications/api/v3/ping
/en-US/assets/img/bg_x.png
/core-data/api/v3/event/count
/core-data/api/v3/reading/count
/support-notifications/api/v3/notification/status/NEW
/support-scheduler/api/v3/interval/all
/core-metadata/api/v3/device/all
/core-metadata/api/v3/deviceservice/all
/core-metadata/api/v3/deviceprofile/all
/en-US/10.37fe9393a8cc5cbf9091.js
/en-US/753.c8a9161e141f9abd4ff8.js
/en-US/707.421ea089c4e9636f9c79.js
/en-US/155.d480ba04695dcea491f9.js
/rules-engine/ping
2024/07/09 00:48:13 http: proxy error: dial tcp 127.0.0.1:59720: connect: connection refused
/en-US/
/en-US/polyfills.24ae87a5f430de45b48f.js
/en-US/runtime.eefff24541524e353c82.js
/en-US/main.1c9a5fdfc037b7558190.js
/en-US/scripts.c7db3b1843cdd546a4ba.js
/en-US/styles.2a143380ce0f2a41afa9.css
/en-US/styles.2a143380ce0f2a41afa9.css
/en-US/assets/img/bg_x.png
/en-US/fontawesome-webfont.20fd1704ea223900efa9.woff2
/en-US/849.2df9f1057a6da15b5817.js
/core-data/api/v3/ping
/core-metadata/api/v3/ping
/sys-mgmt-agent/api/v3/ping
/support-notifications/api/v3/ping
/en-US/assets/img/bg_x.png
/support-scheduler/api/v3/ping
/core-metadata/api/v3/deviceservice/all
/core-metadata/api/v3/device/all
/core-metadata/api/v3/deviceprofile/all
/core-data/api/v3/event/count
/core-data/api/v3/reading/count
/support-notifications/api/v3/notification/status/NEW
/support-scheduler/api/v3/interval/all
/en-US/707.421ea089c4e9636f9c79.js
/en-US/827.f5639739df18b26d0d39.js
/en-US/536.59f8e0cc9b65ad44c050.js
/support-scheduler/api/v3/ping
/support-scheduler/api/v3/ping
/support-scheduler/api/v3/ping
/support-scheduler/api/v3/interval/all
/en-US/634.17f8b8fde2aad8411649.js
/support-notifications/api/v3/ping
/support-notifications/api/v3/ping
/support-notifications/api/v3/ping
/support-notifications/api/v3/notification/status/NEW
/en-US/753.c8a9161e141f9abd4ff8.js
/en-US/155.d480ba04695dcea491f9.js
/en-US/10.37fe9393a8cc5cbf9091.js
/rules-engine/ping
2024/07/09 00:50:58 http: proxy error: dial tcp 127.0.0.1:59720: connect: connection refused
/en-US/489.02fe97fdffcd21ed0e3c.js
/core-data/api/v3/ping
/core-data/api/v3/ping
/core-metadata/api/v3/ping
/core-metadata/api/v3/ping
/core-metadata/api/v3/deviceservice/all
/core-metadata/api/v3/device/service/name/device-virtual
/core-data/api/v3/ping
/core-metadata/api/v3/ping
/support-scheduler/api/v3/ping
/sys-mgmt-agent/api/v3/ping
/support-notifications/api/v3/ping
/core-data/api/v3/event/count
/core-data/api/v3/reading/count
/support-scheduler/api/v3/interval/all
/core-metadata/api/v3/deviceservice/all
/core-metadata/api/v3/device/all
/support-notifications/api/v3/notification/status/NEW
/core-metadata/api/v3/deviceprofile/all
/rules-engine/ping
2024/07/09 00:51:01 http: proxy error: dial tcp 127.0.0.1:59720: connect: connection refused
/en-US/
/en-US/runtime.eefff24541524e353c82.js
/en-US/polyfills.24ae87a5f430de45b48f.js
/en-US/scripts.c7db3b1843cdd546a4ba.js
/en-US/main.1c9a5fdfc037b7558190.js
/en-US/styles.2a143380ce0f2a41afa9.css
/en-US/styles.2a143380ce0f2a41afa9.css
/en-US/assets/img/bg_x.png
/en-US/fontawesome-webfont.20fd1704ea223900efa9.woff2
/en-US/849.2df9f1057a6da15b5817.js
/core-data/api/v3/ping
/core-metadata/api/v3/ping
/support-scheduler/api/v3/ping
/support-notifications/api/v3/ping
/sys-mgmt-agent/api/v3/ping
/en-US/assets/img/bg_x.png
/core-data/api/v3/event/count
/core-data/api/v3/reading/count
/support-scheduler/api/v3/interval/all
/support-notifications/api/v3/notification/status/NEW
/core-metadata/api/v3/deviceservice/all
/core-metadata/api/v3/device/all
/core-metadata/api/v3/deviceprofile/all
/en-US/10.37fe9393a8cc5cbf9091.js
/en-US/753.c8a9161e141f9abd4ff8.js
/en-US/707.421ea089c4e9636f9c79.js
/en-US/155.d480ba04695dcea491f9.js
/rules-engine/ping
2024/07/09 00:51:04 http: proxy error: dial tcp 127.0.0.1:59720: connect: connection refused
/rules-engine/ping
2024/07/09 00:52:04 http: proxy error: dial tcp 127.0.0.1:59720: connect: connection refused
/en-US/827.f5639739df18b26d0d39.js
/en-US/634.17f8b8fde2aad8411649.js
/support-notifications/api/v3/ping
/support-notifications/api/v3/ping
/support-notifications/api/v3/ping
/support-notifications/api/v3/notification/status/NEW
/rules-engine/ping
2024/07/09 00:52:07 http: proxy error: dial tcp 127.0.0.1:59720: connect: connection refused
/core-metadata/api/v3/ping
/core-metadata/api/v3/ping
/core-metadata/api/v3/deviceservice/all
/core-metadata/api/v3/device/service/name/device-virtual
/en-US/489.02fe97fdffcd21ed0e3c.js
/core-data/api/v3/ping
/core-data/api/v3/ping
/core-data/api/v3/ping
/core-data/api/v3/reading/all
/rules-engine/ping
2024/07/09 00:52:18 http: proxy error: dial tcp 127.0.0.1:59720: connect: connection refused
/rules-engine/ping
2024/07/09 00:52:19 http: proxy error: dial tcp 127.0.0.1:59720: connect: connection refused
/en-US/
/en-US/runtime.eefff24541524e353c82.js
/en-US/polyfills.24ae87a5f430de45b48f.js
/en-US/scripts.c7db3b1843cdd546a4ba.js
/en-US/main.1c9a5fdfc037b7558190.js
/en-US/styles.2a143380ce0f2a41afa9.css
/en-US/styles.2a143380ce0f2a41afa9.css
/en-US/assets/img/bg_x.png
/en-US/fontawesome-webfont.20fd1704ea223900efa9.woff2
/en-US/849.2df9f1057a6da15b5817.js
/core-data/api/v3/ping
/sys-mgmt-agent/api/v3/ping
/core-metadata/api/v3/ping
/support-scheduler/api/v3/ping
/en-US/assets/img/bg_x.png
/support-notifications/api/v3/ping
/core-data/api/v3/reading/count
/core-data/api/v3/event/count
/core-metadata/api/v3/deviceservice/all
/core-metadata/api/v3/device/all
/core-metadata/api/v3/deviceprofile/all
/support-scheduler/api/v3/interval/all
/support-notifications/api/v3/notification/status/NEW
/en-US/10.37fe9393a8cc5cbf9091.js
/en-US/753.c8a9161e141f9abd4ff8.js
/en-US/707.421ea089c4e9636f9c79.js
/en-US/155.d480ba04695dcea491f9.js
/rules-engine/ping
2024/07/09 00:53:19 http: proxy error: dial tcp 127.0.0.1:59720: connect: connection refused
/en-US/827.f5639739df18b26d0d39.js
/en-US/634.17f8b8fde2aad8411649.js
/support-notifications/api/v3/ping
/support-notifications/api/v3/ping
/support-notifications/api/v3/ping
/support-notifications/api/v3/notification/status/NEW
/en-US/
/en-US/runtime.eefff24541524e353c82.js
/en-US/polyfills.24ae87a5f430de45b48f.js
/en-US/scripts.c7db3b1843cdd546a4ba.js
/en-US/main.1c9a5fdfc037b7558190.js
/en-US/styles.2a143380ce0f2a41afa9.css
/en-US/styles.2a143380ce0f2a41afa9.css
/en-US/assets/img/bg_x.png
/en-US/fontawesome-webfont.20fd1704ea223900efa9.woff2
/en-US/849.2df9f1057a6da15b5817.js
/sys-mgmt-agent/api/v3/ping
/core-data/api/v3/ping
/core-metadata/api/v3/ping
/support-notifications/api/v3/ping
/support-scheduler/api/v3/ping
/en-US/assets/img/bg_x.png
/core-data/api/v3/event/count
/core-data/api/v3/reading/count
/core-metadata/api/v3/device/all
/core-metadata/api/v3/deviceservice/all
/core-metadata/api/v3/deviceprofile/all
/support-scheduler/api/v3/interval/all
/support-notifications/api/v3/notification/status/NEW
/en-US/10.37fe9393a8cc5cbf9091.js
/en-US/753.c8a9161e141f9abd4ff8.js
/en-US/707.421ea089c4e9636f9c79.js
/en-US/155.d480ba04695dcea491f9.js
/rules-engine/ping
2024/07/09 00:53:41 http: proxy error: dial tcp 127.0.0.1:59720: connect: connection refused
/rules-engine/ping
2024/07/09 00:53:42 http: proxy error: dial tcp 127.0.0.1:59720: connect: connection refused
/en-US/827.f5639739df18b26d0d39.js
/en-US/634.17f8b8fde2aad8411649.js
/support-notifications/api/v3/ping
/support-notifications/api/v3/ping
/support-notifications/api/v3/ping
/support-notifications/api/v3/notification/status/NEW
/rules-engine/ping
2024/07/09 00:53:43 http: proxy error: dial tcp 127.0.0.1:59720: connect: connection refused
/en-US/536.59f8e0cc9b65ad44c050.js
/support-scheduler/api/v3/ping
/support-scheduler/api/v3/ping
/support-scheduler/api/v3/ping
/support-scheduler/api/v3/interval/all
/en-US/489.02fe97fdffcd21ed0e3c.js
/core-data/api/v3/ping
/core-data/api/v3/ping
/core-metadata/api/v3/ping
/core-metadata/api/v3/ping
/core-metadata/api/v3/deviceservice/all
/core-metadata/api/v3/device/service/name/device-virtual
/support-notifications/api/v3/ping
/support-notifications/api/v3/ping
/support-notifications/api/v3/ping
/support-notifications/api/v3/notification/status/NEW
/en-US/894.f1b00f49ff747e5c2828.js
/rules-engine/ping
2024/07/09 00:53:46 http: proxy error: dial tcp 127.0.0.1:59720: connect: connection refused
/rules-engine/ping
2024/07/09 00:53:47 http: proxy error: dial tcp 127.0.0.1:59720: connect: connection refused
/en-US/
/en-US/runtime.eefff24541524e353c82.js
/en-US/polyfills.24ae87a5f430de45b48f.js
/en-US/scripts.c7db3b1843cdd546a4ba.js
/en-US/main.1c9a5fdfc037b7558190.js
/en-US/styles.2a143380ce0f2a41afa9.css
/en-US/styles.2a143380ce0f2a41afa9.css
/en-US/assets/img/bg_x.png
/en-US/fontawesome-webfont.20fd1704ea223900efa9.woff2
/en-US/849.2df9f1057a6da15b5817.js
/core-data/api/v3/ping
/support-scheduler/api/v3/ping
/core-metadata/api/v3/ping
/sys-mgmt-agent/api/v3/ping
/support-notifications/api/v3/ping
/en-US/assets/img/bg_x.png
/core-data/api/v3/event/count
/core-data/api/v3/reading/count
/core-metadata/api/v3/deviceservice/all
/core-metadata/api/v3/device/all
/core-metadata/api/v3/deviceprofile/all
/support-scheduler/api/v3/interval/all
/support-notifications/api/v3/notification/status/NEW
/en-US/10.37fe9393a8cc5cbf9091.js
/en-US/753.c8a9161e141f9abd4ff8.js
/en-US/707.421ea089c4e9636f9c79.js
/en-US/155.d480ba04695dcea491f9.js
/rules-engine/ping
2024/07/09 00:53:56 http: proxy error: dial tcp 127.0.0.1:59720: connect: connection refused
/en-US/
/en-US/runtime.eefff24541524e353c82.js
/en-US/scripts.c7db3b1843cdd546a4ba.js
/en-US/polyfills.24ae87a5f430de45b48f.js
/en-US/main.1c9a5fdfc037b7558190.js
/en-US/styles.2a143380ce0f2a41afa9.css
/en-US/styles.2a143380ce0f2a41afa9.css
/en-US/assets/img/bg_x.png
/en-US/fontawesome-webfont.20fd1704ea223900efa9.woff2
/en-US/849.2df9f1057a6da15b5817.js
/core-data/api/v3/ping
/core-metadata/api/v3/ping
/support-scheduler/api/v3/ping
/sys-mgmt-agent/api/v3/ping
/support-notifications/api/v3/ping
/en-US/assets/img/bg_x.png
/core-data/api/v3/event/count
/core-data/api/v3/reading/count
/support-scheduler/api/v3/interval/all
/support-notifications/api/v3/notification/status/NEW
/core-metadata/api/v3/deviceservice/all
/core-metadata/api/v3/device/all
/core-metadata/api/v3/deviceprofile/all
/en-US/10.37fe9393a8cc5cbf9091.js
/en-US/753.c8a9161e141f9abd4ff8.js
/en-US/707.421ea089c4e9636f9c79.js
/en-US/155.d480ba04695dcea491f9.js
/rules-engine/ping
2024/07/09 00:53:59 http: proxy error: dial tcp 127.0.0.1:59720: connect: connection refused
/rules-engine/ping
2024/07/09 00:54:00 http: proxy error: dial tcp 127.0.0.1:59720: connect: connection refused
/en-US/
/en-US/runtime.eefff24541524e353c82.js
/en-US/polyfills.24ae87a5f430de45b48f.js
/en-US/scripts.c7db3b1843cdd546a4ba.js
/en-US/main.1c9a5fdfc037b7558190.js
/en-US/styles.2a143380ce0f2a41afa9.css
/en-US/styles.2a143380ce0f2a41afa9.css
/en-US/assets/img/bg_x.png
/en-US/fontawesome-webfont.20fd1704ea223900efa9.woff2
/en-US/849.2df9f1057a6da15b5817.js
/core-data/api/v3/ping
/core-metadata/api/v3/ping
/support-scheduler/api/v3/ping
/support-notifications/api/v3/ping
/sys-mgmt-agent/api/v3/ping
/en-US/assets/img/bg_x.png
/core-data/api/v3/event/count
/core-data/api/v3/reading/count
/core-metadata/api/v3/deviceservice/all
/core-metadata/api/v3/device/all
/core-metadata/api/v3/deviceprofile/all
/support-scheduler/api/v3/interval/all
/support-notifications/api/v3/notification/status/NEW
/en-US/10.37fe9393a8cc5cbf9091.js
/en-US/753.c8a9161e141f9abd4ff8.js
/en-US/707.421ea089c4e9636f9c79.js
/en-US/155.d480ba04695dcea491f9.js
/rules-engine/ping
2024/07/09 01:00:29 http: proxy error: dial tcp 127.0.0.1:59720: connect: connection refused
/rules-engine/ping
2024/07/09 01:00:31 http: proxy error: dial tcp 127.0.0.1:59720: connect: connection refused
/en-US/
/en-US/runtime.eefff24541524e353c82.js
/en-US/polyfills.24ae87a5f430de45b48f.js
/en-US/main.1c9a5fdfc037b7558190.js
/en-US/scripts.c7db3b1843cdd546a4ba.js
/en-US/styles.2a143380ce0f2a41afa9.css
/en-US/styles.2a143380ce0f2a41afa9.css
/en-US/assets/img/bg_x.png
/en-US/fontawesome-webfont.20fd1704ea223900efa9.woff2
/en-US/849.2df9f1057a6da15b5817.js
/sys-mgmt-agent/api/v3/ping
/support-scheduler/api/v3/ping
/support-notifications/api/v3/ping
/core-metadata/api/v3/ping
/core-data/api/v3/ping
/support-scheduler/api/v3/interval/all
/support-notifications/api/v3/notification/status/NEW
/core-metadata/api/v3/deviceservice/all
/core-metadata/api/v3/device/all
/core-metadata/api/v3/deviceprofile/all
/core-data/api/v3/reading/count
/en-US/assets/img/bg_x.png
/core-data/api/v3/event/count
/en-US/10.37fe9393a8cc5cbf9091.js
/en-US/894.f1b00f49ff747e5c2828.js
/en-US/753.c8a9161e141f9abd4ff8.js
/en-US/707.421ea089c4e9636f9c79.js
/en-US/155.d480ba04695dcea491f9.js
/rules-engine/ping
2024/07/09 01:10:21 http: proxy error: dial tcp 127.0.0.1:59720: connect: connection refused
/rules-engine/ping
2024/07/09 01:10:22 http: proxy error: dial tcp 127.0.0.1:59720: connect: connection refused
/rules-engine/ping
2024/07/09 01:10:28 http: proxy error: dial tcp 127.0.0.1:59720: connect: connection refused
/rules-engine/ping
2024/07/09 01:13:10 http: proxy error: dial tcp 127.0.0.1:59720: connect: connection refused
/rules-engine/ping
2024/07/09 01:13:15 http: proxy error: dial tcp 127.0.0.1:59720: connect: connection refused
/en-US/
/en-US/runtime.eefff24541524e353c82.js
/en-US/polyfills.24ae87a5f430de45b48f.js
/en-US/main.1c9a5fdfc037b7558190.js
/en-US/scripts.c7db3b1843cdd546a4ba.js
/en-US/styles.2a143380ce0f2a41afa9.css
/en-US/styles.2a143380ce0f2a41afa9.css
/en-US/assets/img/bg_x.png
/en-US/fontawesome-webfont.20fd1704ea223900efa9.woff2
/en-US/849.2df9f1057a6da15b5817.js
/core-data/api/v3/ping
/core-metadata/api/v3/ping
/sys-mgmt-agent/api/v3/ping
/support-notifications/api/v3/ping
/en-US/assets/img/bg_x.png
/support-scheduler/api/v3/ping
/core-metadata/api/v3/device/all
/core-metadata/api/v3/deviceprofile/all
/core-metadata/api/v3/deviceservice/all
/core-data/api/v3/event/count
/core-data/api/v3/reading/count
/support-scheduler/api/v3/interval/all
/support-notifications/api/v3/notification/status/NEW
/en-US/10.37fe9393a8cc5cbf9091.js
/en-US/753.c8a9161e141f9abd4ff8.js
/en-US/707.421ea089c4e9636f9c79.js
/en-US/155.d480ba04695dcea491f9.js
/rules-engine/ping
2024/07/09 01:27:46 http: proxy error: dial tcp 127.0.0.1:59720: connect: connection refused
/en-US/827.f5639739df18b26d0d39.js
/en-US/634.17f8b8fde2aad8411649.js
/support-notifications/api/v3/ping
/support-notifications/api/v3/ping
/support-notifications/api/v3/ping
/support-notifications/api/v3/notification/status/NEW
/rules-engine/ping
2024/07/09 01:27:47 http: proxy error: dial tcp 127.0.0.1:59720: connect: connection refused
/rules-engine/ping
2024/07/09 01:27:48 http: proxy error: dial tcp 127.0.0.1:59720: connect: connection refused
/support-notifications/api/v3/ping
/support-notifications/api/v3/ping
/support-notifications/api/v3/ping
/support-notifications/api/v3/notification/status/NEW
/rules-engine/ping
2024/07/09 01:27:49 http: proxy error: dial tcp 127.0.0.1:59720: connect: connection refused
level=INFO ts=2024-07-08T19:59:37.098979938Z app=edgex-ui-service source=httpserver.go:116 msg="Web server shut down"
level=INFO ts=2024-07-08T19:59:37.098266072Z app=edgex-ui-service source=httpserver.go:144 msg="Web server stopped"
