level=INFO ts=2024-07-08T19:14:44.378894578Z app=device-virtual source=config.go:718 msg="Using Configuration provider (consul) from: http://127.0.0.1:8500 with base path of edgex/v3/core-common-config-bootstrapper/all-services"
level=INFO ts=2024-07-08T19:14:44.405686193Z app=device-virtual source=config.go:442 msg="loading the common configuration for service type device-service"
level=INFO ts=2024-07-08T19:14:44.405826792Z app=device-virtual source=config.go:718 msg="Using Configuration provider (consul) from: http://127.0.0.1:8500 with base path of edgex/v3/core-common-config-bootstrapper/device-services"
level=INFO ts=2024-07-08T19:14:44.408837009Z app=device-virtual source=config.go:173 msg="Common configuration loaded from the Configuration Provider. No overrides applied"
level=INFO ts=2024-07-08T19:14:44.408875656Z app=device-virtual source=config.go:718 msg="Using Configuration provider (consul) from: http://127.0.0.1:8500 with base path of edgex/v3/device-virtual"
level=INFO ts=2024-07-08T19:14:44.410817782Z app=device-virtual source=config.go:218 msg="Private configuration loaded from the Configuration Provider. No overrides applied"
level=INFO ts=2024-07-08T19:14:44.410880501Z app=device-virtual source=config.go:269 msg="listening for private config changes"
level=INFO ts=2024-07-08T19:14:44.410896151Z app=device-virtual source=config.go:271 msg="listening for all services common config changes"
level=INFO ts=2024-07-08T19:14:44.410905421Z app=device-virtual source=config.go:278 msg="listening for device service common config changes"
level=INFO ts=2024-07-08T19:14:44.410984874Z app=device-virtual source=registry.go:61 msg="Using Registry access token of length 0"
level=INFO ts=2024-07-08T19:14:44.413349908Z app=device-virtual source=registry.go:89 msg="Using Registry (consul) from http://localhost:8500"
level=INFO ts=2024-07-08T19:14:44.49290011Z app=device-virtual source=httpserver.go:149 msg="Web server starting (localhost:59900)"
level=INFO ts=2024-07-08T19:14:44.49297017Z app=device-virtual source=messaging.go:66 msg="Setting options for secure MessageBus with AuthMode='usernamepassword' and SecretName='redisdb"
level=INFO ts=2024-07-08T19:14:44.493775349Z app=device-virtual source=messaging.go:104 msg="Connected to redis Message Bus @ redis://localhost:6379 with AuthMode='usernamepassword'"
level=INFO ts=2024-07-08T19:14:44.493812266Z app=device-virtual source=command.go:36 msg="Subscribing to command requests on topic: edgex/device/command/request/device-virtual/#"
level=INFO ts=2024-07-08T19:14:44.493834007Z app=device-virtual source=command.go:40 msg="Responses to command requests will be published on topic: edgex/response/device-virtual/<requestId>"
level=INFO ts=2024-07-08T19:14:44.496123036Z app=device-virtual source=callback.go:34 msg="Subscribing to System Events on topic: edgex/system-events/core-metadata/+/+/device-virtual/#"
level=INFO ts=2024-07-08T19:14:44.496484761Z app=device-virtual source=validation.go:31 msg="Subscribing to device validation requests on topic: edgex/device-virtual/validate/device"
level=INFO ts=2024-07-08T19:14:44.496511685Z app=device-virtual source=validation.go:35 msg="Responses to device validation requests will be published on topic: edgex/response/device-virtual/<requestId>"
level=INFO ts=2024-07-08T19:14:44.50161248Z app=device-virtual source=manager.go:128 msg="Metrics Manager started with a report interval of 30s"
level=INFO ts=2024-07-08T19:14:44.502732661Z app=device-virtual source=clients.go:190 msg="Using registry for URL for 'core-metadata': http://localhost:59881"
level=INFO ts=2024-07-08T19:14:44.502836454Z app=device-virtual source=restrouter.go:56 msg="Registering v2 routes..."
level=INFO ts=2024-07-08T19:14:44.506859391Z app=device-virtual source=devices.go:78 msg="LastConnected-Random-Binary-Device metric has been registered and will be reported (if enabled)"
level=INFO ts=2024-07-08T19:14:44.507319815Z app=device-virtual source=devices.go:78 msg="LastConnected-Random-Float-Device metric has been registered and will be reported (if enabled)"
level=INFO ts=2024-07-08T19:14:44.507327183Z app=device-virtual source=devices.go:78 msg="LastConnected-Random-UnsignedInteger-Device metric has been registered and will be reported (if enabled)"
level=INFO ts=2024-07-08T19:14:44.507338551Z app=device-virtual source=devices.go:78 msg="LastConnected-Random-Integer-Device metric has been registered and will be reported (if enabled)"
level=INFO ts=2024-07-08T19:14:44.507343231Z app=device-virtual source=devices.go:78 msg="LastConnected-Random-Boolean-Device metric has been registered and will be reported (if enabled)"
level=INFO ts=2024-07-08T19:14:44.514384145Z app=device-virtual source=service.go:299 msg="device service device-virtual exists, updating it"
level=INFO ts=2024-07-08T19:14:44.517671397Z app=device-virtual source=profiles.go:89 msg="Loading pre-defined Device Profiles from /home/mpunix/edgex-foundry/edgex-native-3.X/device-virtual-go-3.1.1/cmd/res/profiles(5 files found)"
level=INFO ts=2024-07-08T19:14:44.519171408Z app=device-virtual source=profiles.go:190 msg="Device Profile Random-Binary-Device exists, using the existing one"
level=INFO ts=2024-07-08T19:14:44.520271545Z app=device-virtual source=profiles.go:190 msg="Device Profile Random-Boolean-Device exists, using the existing one"
level=INFO ts=2024-07-08T19:14:44.521492312Z app=device-virtual source=profiles.go:190 msg="Device Profile Random-Float-Device exists, using the existing one"
level=INFO ts=2024-07-08T19:14:44.522851059Z app=device-virtual source=profiles.go:190 msg="Device Profile Random-Integer-Device exists, using the existing one"
level=INFO ts=2024-07-08T19:14:44.524256377Z app=device-virtual source=profiles.go:190 msg="Device Profile Random-UnsignedInteger-Device exists, using the existing one"
level=INFO ts=2024-07-08T19:14:44.524692231Z app=device-virtual source=devices.go:107 msg="Loading pre-defined Devices from /home/mpunix/edgex-foundry/edgex-native-3.X/device-virtual-go-3.1.1/cmd/res/devices(1 files found)"
level=INFO ts=2024-07-08T19:14:44.525175322Z app=device-virtual source=devices.go:187 msg="Device Random-Boolean-Device exists, using the existing one"
level=INFO ts=2024-07-08T19:14:44.525186809Z app=device-virtual source=devices.go:187 msg="Device Random-Integer-Device exists, using the existing one"
level=INFO ts=2024-07-08T19:14:44.525191532Z app=device-virtual source=devices.go:187 msg="Device Random-UnsignedInteger-Device exists, using the existing one"
level=INFO ts=2024-07-08T19:14:44.525196022Z app=device-virtual source=devices.go:187 msg="Device Random-Float-Device exists, using the existing one"
level=INFO ts=2024-07-08T19:14:44.525200045Z app=device-virtual source=devices.go:187 msg="Device Random-Binary-Device exists, using the existing one"
level=INFO ts=2024-07-08T19:14:44.525245593Z app=device-virtual source=autodiscovery.go:32 msg="AutoDiscovery stopped: disabled by configuration"
level=INFO ts=2024-07-08T19:14:44.525255831Z app=device-virtual source=message.go:50 msg="Service dependencies resolved..."
level=INFO ts=2024-07-08T19:14:44.525262275Z app=device-virtual source=message.go:51 msg="Starting device-virtual 0.0.0 "
level=INFO ts=2024-07-08T19:14:44.525266885Z app=device-virtual source=message.go:55 msg="device virtual started"
level=INFO ts=2024-07-08T19:14:44.52527143Z app=device-virtual source=message.go:58 msg="Service started in: 151.547905ms"
level=INFO ts=2024-07-08T19:14:44.525280712Z app=device-virtual source=bootstrap.go:251 msg="SecuritySecretsRequested metric registered and will be reported (if enabled)"
level=INFO ts=2024-07-08T19:14:44.525286727Z app=device-virtual source=bootstrap.go:251 msg="SecuritySecretsStored metric registered and will be reported (if enabled)"
level=INFO ts=2024-07-08T19:59:30.333463875Z app=device-virtual source=httpserver.go:174 msg="Web server stopped"
level=INFO ts=2024-07-08T19:59:30.333146392Z app=device-virtual source=config.go:852 msg="Watching for 'Writable' configuration changes has stopped"
level=INFO ts=2024-07-08T19:59:30.333747685Z app=device-virtual source=messaging.go:95 msg="Disconnected from MessageBus"
level=INFO ts=2024-07-08T19:59:30.332673548Z app=device-virtual source=manager.go:110 msg="Exited Metrics Manager Run..."
level=INFO ts=2024-07-08T19:59:30.333016778Z app=device-virtual source=config.go:790 msg="Watching for 'Writable' configuration changes has stopped"
level=INFO ts=2024-07-08T19:59:30.331995727Z app=device-virtual source=command.go:61 msg="Exiting waiting for MessageBus 'edgex/device/command/request/device-virtual/#' topic messages"
level=INFO ts=2024-07-08T19:59:30.334811095Z app=device-virtual source=callback.go:73 msg="Exiting waiting for MessageBus 'edgex/system-events/core-metadata/+/+/device-virtual/#' topic messages"
level=INFO ts=2024-07-08T19:59:30.334853257Z app=device-virtual source=httpserver.go:146 msg="Web server shut down"
level=INFO ts=2024-07-08T19:59:30.332007647Z app=device-virtual source=validation.go:56 msg="Exiting waiting for MessageBus 'edgex/device-virtual/validate/device' topic messages"
level=INFO ts=2024-07-08T19:59:30.332955956Z app=device-virtual source=config.go:852 msg="Watching for 'Writable' configuration changes has stopped"
level=INFO ts=2024-07-08T19:59:30.335286412Z app=device-virtual source=bootstrap.go:146 msg="Un-Registering service from the Registry"
level=INFO ts=2024-07-08T19:59:30.35206886Z app=device-virtual source=virtualdriver.go:122 msg="VirtualDriver.Stop: device-virtual driver is stopping..."
